setting microfacet
absolute error = 1.6629535656e-06 mu_o = -0.12338111165 mu_i = -0.024736727622
======================================
absolute error = 1.41295021292e-06 mu_o = -0.172310641088 mu_i = -0.024736727622
======================================
absolute error = 7.7625275301e-06 mu_o = 0.024736727622 mu_i = -0.024736727622
======================================
absolute error = 1.54583836549e-06 mu_o = -0.172310641088 mu_i = -0.0741496479461
======================================
absolute error = 1.1774235994e-06 mu_o = -0.220818497497 mu_i = -0.0741496479461
======================================
absolute error = 1.48663450165e-06 mu_o = -0.220818497497 mu_i = -0.12338111165
======================================
absolute error = 1.01006789661e-06 mu_o = -0.268785974019 mu_i = -0.12338111165
======================================
absolute error = 1.43261755704e-06 mu_o = -0.268785974019 mu_i = -0.172310641088
======================================
absolute error = 1.35199625466e-06 mu_o = -0.316095686196 mu_i = -0.220818497497
======================================
absolute error = 1.29468932335e-06 mu_o = -0.362631859226 mu_i = -0.268785974019
======================================
absolute error = 1.23418712993e-06 mu_o = -0.40828061129 mu_i = -0.316095686196
======================================
absolute error = 1.17212636466e-06 mu_o = -0.452930232232 mu_i = -0.362631859226
======================================
absolute error = 1.13568942048e-06 mu_o = -0.452930232232 mu_i = -0.40828061129
======================================
absolute error = 1.05940791581e-06 mu_o = -0.496471456936 mu_i = -0.40828061129
======================================
absolute error = 1.25157612779e-06 mu_o = -0.496471456936 mu_i = -0.452930232232
======================================
absolute error = 1.00666922584e-06 mu_o = -0.538797732717 mu_i = -0.452930232232
======================================
absolute error = 1.33600955267e-06 mu_o = -0.538797732717 mu_i = -0.496471456936
======================================
absolute error = 1.00694432448e-06 mu_o = -0.579805480068 mu_i = -0.496471456936
======================================
absolute error = 1.40165241115e-06 mu_o = -0.579805480068 mu_i = -0.538797732717
======================================
absolute error = 1.44735084672e-06 mu_o = -0.619394346138 mu_i = -0.579805480068
======================================
absolute error = 1.42357823749e-06 mu_o = -0.657467450313 mu_i = -0.619394346138
======================================
absolute error = 9.40870388888e-05 mu_o = -0.024736727622 mu_i = 0.024736727622
======================================
absolute error = 0.103689836645 mu_o = -0.0741496479461 mu_i = 0.024736727622
======================================
absolute error = 0.0154189801605 mu_o = -0.12338111165 mu_i = 0.024736727622
======================================
absolute error = 0.00488430019938 mu_o = -0.172310641088 mu_i = 0.024736727622
======================================
absolute error = 9.55406719234e-05 mu_o = -0.220818497497 mu_i = 0.024736727622
======================================
absolute error = 0.000155169937431 mu_o = -0.268785974019 mu_i = 0.024736727622
======================================
absolute error = 7.63002721604e-06 mu_o = -0.316095686196 mu_i = 0.024736727622
======================================
absolute error = 2.95575684395e-06 mu_o = -0.362631859226 mu_i = 0.024736727622
======================================
absolute error = 3.42819154457e-06 mu_o = -0.40828061129 mu_i = 0.024736727622
======================================
absolute error = 6.71402070606e-06 mu_o = -0.452930232232 mu_i = 0.024736727622
======================================
absolute error = 2.33961624236e-06 mu_o = -0.496471456936 mu_i = 0.024736727622
======================================
absolute error = 1.53784302253e-06 mu_o = -0.538797732717 mu_i = 0.024736727622
======================================
absolute error = 0.0930091524665 mu_o = -0.024736727622 mu_i = 0.0741496479461
======================================
absolute error = 0.00584549858746 mu_o = -0.0741496479461 mu_i = 0.0741496479461
======================================
absolute error = 0.0040477999088 mu_o = -0.12338111165 mu_i = 0.0741496479461
======================================
absolute error = 0.000143684709848 mu_o = -0.172310641088 mu_i = 0.0741496479461
======================================
absolute error = 0.000252002277425 mu_o = -0.220818497497 mu_i = 0.0741496479461
======================================
absolute error = 2.23838945379e-06 mu_o = -0.268785974019 mu_i = 0.0741496479461
======================================
absolute error = 4.54463836989e-05 mu_o = -0.316095686196 mu_i = 0.0741496479461
======================================
absolute error = 7.69379395842e-06 mu_o = -0.362631859226 mu_i = 0.0741496479461
======================================
absolute error = 0.0157200989568 mu_o = -0.024736727622 mu_i = 0.12338111165
======================================
absolute error = 0.00411319702733 mu_o = -0.0741496479461 mu_i = 0.12338111165
======================================
absolute error = 3.37173243389e-05 mu_o = -0.12338111165 mu_i = 0.12338111165
======================================
absolute error = 2.89190639574e-05 mu_o = -0.172310641088 mu_i = 0.12338111165
======================================
absolute error = 7.25004810253e-06 mu_o = -0.220818497497 mu_i = 0.12338111165
======================================
absolute error = 1.47666334144e-05 mu_o = -0.268785974019 mu_i = 0.12338111165
======================================
absolute error = 1.68297591876e-06 mu_o = -0.316095686196 mu_i = 0.12338111165
======================================
absolute error = 1.17735337625e-06 mu_o = -0.362631859226 mu_i = 0.12338111165
======================================
absolute error = 1.78976995683e-06 mu_o = -0.40828061129 mu_i = 0.12338111165
======================================
absolute error = 1.34735813427e-06 mu_o = 0.024736727622 mu_i = 0.12338111165
======================================
absolute error = 0.00467038149094 mu_o = -0.024736727622 mu_i = 0.172310641088
======================================
absolute error = 0.000112942341367 mu_o = -0.0741496479461 mu_i = 0.172310641088
======================================
absolute error = 1.53496954727e-05 mu_o = -0.12338111165 mu_i = 0.172310641088
======================================
absolute error = 1.60703301172e-06 mu_o = -0.172310641088 mu_i = 0.172310641088
======================================
absolute error = 2.89706272631e-06 mu_o = -0.220818497497 mu_i = 0.172310641088
======================================
absolute error = 1.16625544561e-06 mu_o = 0.024736727622 mu_i = 0.172310641088
======================================
absolute error = 1.27835847457e-06 mu_o = 0.0741496479461 mu_i = 0.172310641088
======================================
absolute error = 3.78006985297e-05 mu_o = -0.024736727622 mu_i = 0.220818497497
======================================
absolute error = 0.00026410930561 mu_o = -0.0741496479461 mu_i = 0.220818497497
======================================
absolute error = 7.37846236185e-06 mu_o = -0.12338111165 mu_i = 0.220818497497
======================================
absolute error = 3.38963041178e-06 mu_o = -0.172310641088 mu_i = 0.220818497497
======================================
absolute error = 1.87893867589e-06 mu_o = -0.316095686196 mu_i = 0.220818497497
======================================
absolute error = 1.22240818636e-06 mu_o = 0.12338111165 mu_i = 0.220818497497
======================================
absolute error = 0.000162888011383 mu_o = -0.024736727622 mu_i = 0.268785974019
======================================
absolute error = 1.79971631364e-06 mu_o = -0.0741496479461 mu_i = 0.268785974019
======================================
absolute error = 1.38421411497e-05 mu_o = -0.12338111165 mu_i = 0.268785974019
======================================
absolute error = 3.47328768119e-06 mu_o = -0.268785974019 mu_i = 0.268785974019
======================================
absolute error = 1.18437630661e-06 mu_o = 0.172310641088 mu_i = 0.268785974019
======================================
absolute error = 7.47753065056e-06 mu_o = -0.024736727622 mu_i = 0.316095686196
======================================
absolute error = 4.61134745641e-05 mu_o = -0.0741496479461 mu_i = 0.316095686196
======================================
absolute error = 1.67312056524e-06 mu_o = -0.12338111165 mu_i = 0.316095686196
======================================
absolute error = 1.20652952609e-06 mu_o = -0.172310641088 mu_i = 0.316095686196
======================================
absolute error = 1.99053118089e-06 mu_o = -0.220818497497 mu_i = 0.316095686196
======================================
absolute error = 1.1301256244e-06 mu_o = 0.220818497497 mu_i = 0.316095686196
======================================
absolute error = 2.84158406809e-06 mu_o = -0.024736727622 mu_i = 0.362631859226
======================================
absolute error = 6.23998269857e-06 mu_o = -0.0741496479461 mu_i = 0.362631859226
======================================
absolute error = 1.23587081187e-06 mu_o = -0.12338111165 mu_i = 0.362631859226
======================================
absolute error = 1.06934732141e-06 mu_o = 0.268785974019 mu_i = 0.362631859226
======================================
absolute error = 1.96108881059e-06 mu_o = -0.024736727622 mu_i = 0.40828061129
======================================
absolute error = 1.65868125073e-06 mu_o = -0.12338111165 mu_i = 0.40828061129
======================================
absolute error = 1.02393706808e-06 mu_o = 0.316095686196 mu_i = 0.40828061129
======================================
absolute error = 6.89886385794e-06 mu_o = -0.024736727622 mu_i = 0.452930232232
======================================
absolute error = 1.94151517215e-06 mu_o = -0.024736727622 mu_i = 0.496471456936
======================================
absolute error = 1.03087105345e-06 mu_o = 0.452930232232 mu_i = 0.496471456936
======================================
absolute error = 1.61738844757e-06 mu_o = -0.024736727622 mu_i = 0.538797732717
======================================
absolute error = 1.12172481658e-06 mu_o = 0.496471456936 mu_i = 0.538797732717
======================================
absolute error = 1.15857002822e-06 mu_o = 0.538797732717 mu_i = 0.579805480068
======================================
absolute error = 1.19705009213e-06 mu_o = 0.579805480068 mu_i = 0.619394346138
======================================
absolute error = 1.18474870744e-06 mu_o = 0.619394346138 mu_i = 0.657467450313
======================================
